2023-02-16 11:20:03,474 INFO Chain ID: sei-chain
2023-02-16 11:20:03,474 INFO Version: master
2023-02-16 11:20:03,474 INFO Moniker: sei-node-0
2023-02-16 11:20:03,474 INFO P2P Endpoint: None
2023-02-16 11:20:52,744 INFO Chain ID: sei-chain
2023-02-16 11:20:52,745 INFO Version: master
2023-02-16 11:20:52,745 INFO Moniker: sei-node-0
2023-02-16 11:20:52,745 INFO P2P Endpoint: None
2023-02-16 11:23:52,242 INFO Chain ID: sei-chain
2023-02-16 11:23:52,242 INFO Version: master
2023-02-16 11:23:52,242 INFO Moniker: sei-node-0
2023-02-16 11:23:52,242 INFO P2P Endpoint: None
2023-02-16 11:24:05,976 INFO Chain ID: sei-chain
2023-02-16 11:24:05,977 INFO Version: master
2023-02-16 11:24:05,977 INFO Moniker: sei-node-0
2023-02-16 11:24:05,977 INFO P2P Endpoint: None
2023-02-16 11:25:29,691 INFO Chain ID: sei-chain
2023-02-16 11:25:29,691 INFO Version: master
2023-02-16 11:25:29,691 INFO Moniker: sei-node-0
2023-02-16 11:25:29,691 INFO P2P Endpoint: None
2023-02-16 11:25:29,702 INFO Current working directory: /Users/brandon/sei/sei-chain
2023-02-16 11:25:44,268 INFO Chain ID: sei-chain
2023-02-16 11:25:44,269 INFO Version: master
2023-02-16 11:25:44,269 INFO Moniker: sei-node-0
2023-02-16 11:25:44,269 INFO P2P Endpoint: None
2023-02-16 11:25:44,279 INFO Current working directory: /Users/brandon/sei/sei-chain
2023-02-16 11:25:58,715 INFO Chain ID: sei-chain
2023-02-16 11:25:58,715 INFO Version: master
2023-02-16 11:25:58,716 INFO Moniker: sei-node-0
2023-02-16 11:25:58,716 INFO P2P Endpoint: None
2023-02-16 11:25:58,725 INFO Current working directory: /Users/brandon/sei/sei-chain
2023-02-16 11:25:59,716 INFO Chain ID: sei-chain
2023-02-16 11:25:59,716 INFO Version: master
2023-02-16 11:25:59,716 INFO Moniker: sei-node-0
2023-02-16 11:25:59,716 INFO P2P Endpoint: None
2023-02-16 11:25:59,728 INFO Current working directory: /Users/brandon/sei/sei-chain
2023-02-16 11:26:18,394 INFO Chain ID: sei-chain
2023-02-16 11:26:18,395 INFO Version: master
2023-02-16 11:26:18,395 INFO Moniker: sei-node-0
2023-02-16 11:26:18,395 INFO P2P Endpoint: None
2023-02-16 11:26:18,406 INFO Current working directory: /Users/brandon/sei/sei-chain
2023-02-16 11:26:18,406 INFO Validated clean state.
2023-02-16 11:26:19,183 INFO Chain ID: sei-chain
2023-02-16 11:26:19,183 INFO Version: master
2023-02-16 11:26:19,183 INFO Moniker: sei-node-0
2023-02-16 11:26:19,183 INFO P2P Endpoint: None
2023-02-16 11:26:19,194 INFO Current working directory: /Users/brandon/sei/sei-chain
2023-02-16 11:26:19,194 INFO Validated clean state.
2023-02-16 11:27:02,605 INFO Chain ID: sei-chain
2023-02-16 11:27:02,606 INFO Version: master
2023-02-16 11:27:02,606 INFO Moniker: sei-node-0
2023-02-16 11:27:02,606 INFO P2P Endpoint: None
2023-02-16 11:27:02,617 INFO Current working directory: /Users/brandon/sei/sei-chain
2023-02-16 11:27:02,617 INFO Validated clean state.
2023-02-16 11:27:03,441 INFO Chain ID: sei-chain
2023-02-16 11:27:03,441 INFO Version: master
2023-02-16 11:27:03,441 INFO Moniker: sei-node-0
2023-02-16 11:27:03,441 INFO P2P Endpoint: None
2023-02-16 11:27:03,451 INFO Current working directory: /Users/brandon/sei/sei-chain
2023-02-16 11:27:03,451 INFO Validated clean state.
2023-02-16 11:27:28,305 INFO Chain ID: sei-chain
2023-02-16 11:27:28,306 INFO Version: master
2023-02-16 11:27:28,306 INFO Moniker: sei-node-0
2023-02-16 11:27:28,306 INFO P2P Endpoint: None
2023-02-16 11:27:28,317 INFO Current working directory: /Users/brandon/sei/sei-chain
2023-02-16 11:27:28,317 INFO Validated clean state.
2023-02-16 11:27:29,047 INFO Chain ID: sei-chain
2023-02-16 11:27:29,048 INFO Version: master
2023-02-16 11:27:29,048 INFO Moniker: sei-node-0
2023-02-16 11:27:29,048 INFO P2P Endpoint: None
2023-02-16 11:27:29,058 INFO Current working directory: /Users/brandon/sei/sei-chain
2023-02-16 11:27:29,058 INFO Validated clean state.
2023-02-16 11:28:06,323 INFO Chain ID: sei-chain
2023-02-16 11:28:06,323 INFO Version: master
2023-02-16 11:28:06,323 INFO Moniker: sei-node-0
2023-02-16 11:28:06,323 INFO P2P Endpoint: None
2023-02-16 11:28:06,334 INFO Current working directory: /Users/brandon/sei/sei-chain
2023-02-16 11:28:06,335 INFO Validated clean state.
2023-02-16 11:28:07,060 INFO Chain ID: sei-chain
2023-02-16 11:28:07,060 INFO Version: master
2023-02-16 11:28:07,060 INFO Moniker: sei-node-0
2023-02-16 11:28:07,060 INFO P2P Endpoint: None
2023-02-16 11:28:07,070 INFO Current working directory: /Users/brandon/sei/sei-chain
2023-02-16 11:28:07,070 INFO Validated clean state.
2023-02-16 11:28:35,859 INFO Chain ID: sei-chain
2023-02-16 11:28:35,859 INFO Version: master
2023-02-16 11:28:35,859 INFO Moniker: sei-node-0
2023-02-16 11:28:35,859 INFO P2P Endpoint: None
2023-02-16 11:28:35,872 INFO Current working directory: /Users/brandon/sei/sei-chain
2023-02-16 11:28:35,872 INFO Validated clean state.
2023-02-16 11:28:36,523 INFO Chain ID: sei-chain
2023-02-16 11:28:36,523 INFO Version: master
2023-02-16 11:28:36,523 INFO Moniker: sei-node-0
2023-02-16 11:28:36,523 INFO P2P Endpoint: None
2023-02-16 11:28:36,533 INFO Current working directory: /Users/brandon/sei/sei-chain
2023-02-16 11:28:36,535 INFO Validated clean state.
2023-02-16 11:28:36,783 INFO Chain ID: sei-chain
2023-02-16 11:28:36,783 INFO Version: master
2023-02-16 11:28:36,783 INFO Moniker: sei-node-0
2023-02-16 11:28:36,783 INFO P2P Endpoint: None
2023-02-16 11:28:36,793 INFO Current working directory: /Users/brandon/sei/sei-chain
2023-02-16 11:28:36,793 INFO Validated clean state.
2023-02-16 11:28:37,005 INFO Chain ID: sei-chain
2023-02-16 11:28:37,005 INFO Version: master
2023-02-16 11:28:37,005 INFO Moniker: sei-node-0
2023-02-16 11:28:37,005 INFO P2P Endpoint: None
2023-02-16 11:28:37,015 INFO Current working directory: /Users/brandon/sei/sei-chain
2023-02-16 11:28:37,015 INFO Validated clean state.
2023-02-16 11:28:39,803 INFO Chain ID: sei-chain
2023-02-16 11:28:39,803 INFO Version: master
2023-02-16 11:28:39,803 INFO Moniker: sei-node-0
2023-02-16 11:28:39,803 INFO P2P Endpoint: None
2023-02-16 11:28:39,813 INFO Current working directory: /Users/brandon/sei/sei-chain
2023-02-16 11:28:39,813 INFO Validated clean state.
2023-02-16 11:29:00,356 INFO Chain ID: sei-chain
2023-02-16 11:29:00,357 INFO Version: master
2023-02-16 11:29:00,357 INFO Moniker: sei-node-0
2023-02-16 11:29:00,357 INFO P2P Endpoint: None
2023-02-16 11:29:00,368 INFO Current working directory: /Users/brandon/sei/sei-chain
2023-02-16 11:29:00,369 INFO Validated clean state.
2023-02-16 11:29:01,025 INFO Chain ID: sei-chain
2023-02-16 11:29:01,025 INFO Version: master
2023-02-16 11:29:01,025 INFO Moniker: sei-node-0
2023-02-16 11:29:01,025 INFO P2P Endpoint: None
2023-02-16 11:29:01,037 INFO Current working directory: /Users/brandon/sei/sei-chain
2023-02-16 11:29:01,037 INFO Validated clean state.
2023-02-16 11:29:08,933 INFO Chain ID: sei-chain
2023-02-16 11:29:08,933 WARNING Version: master
2023-02-16 11:29:08,933 ERROR Moniker: sei-node-0
2023-02-16 11:29:08,933 INFO P2P Endpoint: None
2023-02-16 11:29:08,944 INFO Current working directory: /Users/brandon/sei/sei-chain
2023-02-16 11:29:08,944 INFO Validated clean state.
2023-02-16 11:29:11,950 INFO Chain ID: sei-chain
2023-02-16 11:29:11,950 WARNING Version: master
2023-02-16 11:29:11,950 ERROR Moniker: sei-node-0
2023-02-16 11:29:11,950 INFO P2P Endpoint: None
2023-02-16 11:29:11,961 INFO Current working directory: /Users/brandon/sei/sei-chain
2023-02-16 11:29:11,961 INFO Validated clean state.
2023-02-16 11:29:19,765 INFO Chain ID: sei-chain
2023-02-16 11:29:19,766 WARNING Version: master
2023-02-16 11:29:19,766 ERROR Moniker: sei-node-0
2023-02-16 11:29:19,766 INFO P2P Endpoint: None
2023-02-16 11:29:19,777 INFO Current working directory: /Users/brandon/sei/sei-chain
2023-02-16 11:29:19,777 INFO Validated clean state.
2023-02-16 11:29:20,398 INFO Chain ID: sei-chain
2023-02-16 11:29:20,398 WARNING Version: master
2023-02-16 11:29:20,398 ERROR Moniker: sei-node-0
2023-02-16 11:29:20,398 INFO P2P Endpoint: None
2023-02-16 11:29:20,409 INFO Current working directory: /Users/brandon/sei/sei-chain
2023-02-16 11:29:20,409 INFO Validated clean state.
